STdemo/app/build/outputs/logs/manifest-merger-debug-report.txt
-- Merging decision tree log ---
manifest
ADDED from src/main/AndroidManifest.xml:2:1-44:12
INJECTED from src/main/AndroidManifest.xml:2:1-44:12
INJECTED from src/main/AndroidManifest.xml:2:1-44:12
INJECTED from src/main/AndroidManifest.xml:2:1-44:12
INJECTED from src/main/AndroidManifest.xml:2:1-44:12
INJECTED from src/main/AndroidManifest.xml:2:1-44:12
INJECTED from src/main/AndroidManifest.xml:2:1-44:12
	package
		ADDED from src/main/AndroidManifest.xml:3:5-26
		INJECTED from src/main/AndroidManifest.xml
		INJECTED from src/main/AndroidManifest.xml
	android:versionName
		INJECTED from src/main/AndroidManifest.xml
		ADDED from src/main/AndroidManifest.xml:2:1-44:12
		INJECTED from src/main/AndroidManifest.xml
	android:versionCode
		INJECTED from src/main/AndroidManifest.xml
		ADDED from src/main/AndroidManifest.xml:2:1-44:12
		INJECTED from src/main/AndroidManifest.xml
	xmlns:android
		ADDED from src/main/AndroidManifest.xml:2:11-69
uses-permission#android.permission.ACCESS_NETWORK_STATE
ADDED from src/main/AndroidManifest.xml:4:5-79
	android:name
		ADDED from src/main/AndroidManifest.xml:4:22-76
uses-permission#android.permission.INTERACT_ACROSS_USERS
ADDED from src/main/AndroidManifest.xml:5:5-80
	android:name
		ADDED from src/main/AndroidManifest.xml:5:22-77
uses-permission#android.permission.INTERNET
ADDED from src/main/AndroidManifest.xml:6:5-67
	android:name
		ADDED from src/main/AndroidManifest.xml:6:22-64
uses-permission#android.permission.ACCESS_WIFI_STATE
ADDED from src/main/AndroidManifest.xml:7:5-76
	android:name
		ADDED from src/main/AndroidManifest.xml:7:22-73
uses-permission#android.permission.CHANGE_WIFI_STATE
ADDED from src/main/AndroidManifest.xml:8:5-76
	android:name
		ADDED from src/main/AndroidManifest.xml:8:22-73
uses-permission#android.permission.READ_EXTERNAL_STORAGE
ADDED from src/main/AndroidManifest.xml:9:5-80
	android:name
		ADDED from src/main/AndroidManifest.xml:9:22-77
uses-permission#android.permission.WRITE_EXTERNAL_STORAGE
ADDED from src/main/AndroidManifest.xml:10:5-81
	android:name
		ADDED from src/main/AndroidManifest.xml:10:22-78
uses-permission#android.permission.MOUNT_FORMAT_FILESYSTEMS
ADDED from src/main/AndroidManifest.xml:11:5-83
	android:name
		ADDED from src/main/AndroidManifest.xml:11:22-80
uses-permission#android.permission.MOUNT_UNMOUNT_FILESYSTEMS
ADDED from src/main/AndroidManifest.xml:12:5-84
	android:name
		ADDED from src/main/AndroidManifest.xml:12:22-81
uses-permission#android.permission.RECEIVE_BOOT_COMPLETED
ADDED from src/main/AndroidManifest.xml:13:5-81
	android:name
		ADDED from src/main/AndroidManifest.xml:13:22-78
application
ADDED from src/main/AndroidManifest.xml:14:5-42:19
	android:supportsRtl
		ADDED from src/main/AndroidManifest.xml:19:9-35
	android:label
		ADDED from src/main/AndroidManifest.xml:17:9-41
	android:roundIcon
		ADDED from src/main/AndroidManifest.xml:18:9-54
	android:icon
		ADDED from src/main/AndroidManifest.xml:16:9-43
	android:allowBackup
		ADDED from src/main/AndroidManifest.xml:15:9-35
	android:theme
		ADDED from src/main/AndroidManifest.xml:20:9-40
activity#afei.stdemo.MainActivity
ADDED from src/main/AndroidManifest.xml:21:9-26:20
	android:name
		ADDED from src/main/AndroidManifest.xml:21:19-58
intent-filter#android.intent.action.MAIN+android.intent.category.LAUNCHER
ADDED from src/main/AndroidManifest.xml:22:13-25:29
action#android.intent.action.MAIN
ADDED from src/main/AndroidManifest.xml:23:17-69
	android:name
		ADDED from src/main/AndroidManifest.xml:23:25-66
category#android.intent.category.LAUNCHER
ADDED from src/main/AndroidManifest.xml:24:17-77
	android:name
		ADDED from src/main/AndroidManifest.xml:24:27-74
receiver#afei.stdemo.BootupReceiver
ADDED from src/main/AndroidManifest.xml:27:9-39:20
	android:name
		ADDED from src/main/AndroidManifest.xml:27:19-60
intent-filter#afei.stdemo.BootupReceiver+afei.stdemo.download_temp+android.intent.action.BOOT_COMPLETED+android.intent.action.PRE_BOOT_COMPLETED+android.intent.action.USER_INITIALIZE+android.intent.action.USER_PRESENT+android.net.wifi.STATE_CHANGE+android.net.wifi.WIFI_STATE_CHANGED+com.android.deskclock.ALARM_ALERT
ADDED from src/main/AndroidManifest.xml:28:13-38:29
	android:priority
		ADDED from src/main/AndroidManifest.xml:28:28-51
action#android.intent.action.BOOT_COMPLETED
ADDED from src/main/AndroidManifest.xml:29:17-78
	android:name
		ADDED from src/main/AndroidManifest.xml:29:25-76
action#android.intent.action.USER_PRESENT
ADDED from src/main/AndroidManifest.xml:30:17-76
	android:name
		ADDED from src/main/AndroidManifest.xml:30:25-74
action#android.intent.action.USER_INITIALIZE
ADDED from src/main/AndroidManifest.xml:31:17-79
	android:name
		ADDED from src/main/AndroidManifest.xml:31:25-77
action#android.intent.action.PRE_BOOT_COMPLETED
ADDED from src/main/AndroidManifest.xml:32:17-82
	android:name
		ADDED from src/main/AndroidManifest.xml:32:25-80
action#com.android.deskclock.ALARM_ALERT
ADDED from src/main/AndroidManifest.xml:33:17-76
	android:name
		ADDED from src/main/AndroidManifest.xml:33:25-73
action#android.net.wifi.STATE_CHANGE
ADDED from src/main/AndroidManifest.xml:34:17-72
	android:name
		ADDED from src/main/AndroidManifest.xml:34:25-69
action#android.net.wifi.WIFI_STATE_CHANGED
ADDED from src/main/AndroidManifest.xml:35:17-78
	android:name
		ADDED from src/main/AndroidManifest.xml:35:25-75
action#afei.stdemo.BootupReceiver
ADDED from src/main/AndroidManifest.xml:36:17-69
	android:name
		ADDED from src/main/AndroidManifest.xml:36:25-66
action#afei.stdemo.download_temp
ADDED from src/main/AndroidManifest.xml:37:17-68
	android:name
		ADDED from src/main/AndroidManifest.xml:37:25-65
service#afei.stdemo.TimerService
ADDED from src/main/AndroidManifest.xml:40:9-41:19
	android:name
		ADDED from src/main/AndroidManifest.xml:40:18-57
uses-sdk
INJECTED from src/main/AndroidManifest.xml reason: use-sdk injection requested
INJECTED from src/main/AndroidManifest.xml
INJECTED from src/main/AndroidManifest.xml
INJECTED from src/main/AndroidManifest.xml
INJECTED from src/main/AndroidManifest.xml
	android:targetSdkVersion
		INJECTED from src/main/AndroidManifest.xml
		ADDED from src/main/AndroidManifest.xml
		INJECTED from src/main/AndroidManifest.xml
	android:minSdkVersion
		INJECTED from src/main/AndroidManifest.xml
		ADDED from src/main/AndroidManifest.xml
		INJECTED from src/main/AndroidManifest.xml